<?xml version="1.0" encoding="UTF-8"?>
<!-- Generated by org.testng.reporters.JUnitXMLReporter -->
<testsuite ignored="0" hostname="DESKTOP-026TUAE" failures="0" tests="3" name="Test" time="37.649" errors="0" timestamp="2021-03-09T21:53:11 IST">
  <testcase classname="tests.HomePageTest" name="testTitle" time="0.077"/>
  <testcase classname="tests.HomePageTest" name="testLogin" time="15.849"/>
  <testcase classname="tests.LoginPageTest" name="checkLogin" time="0.324"/>
</testsuite> <!-- Test -->
