<?xml version="1.0" encoding="UTF-8"?>
<!-- Generated by org.testng.reporters.JUnitXMLReporter -->
<testsuite ignored="0" hostname="DESKTOP-026TUAE" failures="0" tests="8" name="Test" time="5.733" errors="0" timestamp="2021-04-20T21:59:56 IST">
  <testcase classname="tests.HomePageTest" name="@BeforeTest Driver" time="2.474">
    <failure type="java.lang.NullPointerException" message="Cannot invoke &amp;quot;String.contains(java.lang.CharSequence)&amp;quot; because &amp;quot;browserName&amp;quot; is null">
      <![CDATA[java.lang.NullPointerException: Cannot invoke "String.contains(java.lang.CharSequence)" because "browserName" is null
at utilities.BaseClass.inilizeDriver(BaseClass.java:39)
at tests.HomePageTest.Driver(HomePageTest.java:19)
... Removed 24 stack frames]]>
    </failure>
  </testcase> <!-- @BeforeTest Driver -->
  <testcase classname="tests.LoginPageTest" name="@BeforeTest Driver" time="-1.618936192876E9">
    <skipped/>
  </testcase> <!-- @BeforeTest Driver -->
  <testcase classname="tests.GuruLoginPageTest" name="@BeforeMethod inilizeBrowser" time="-1.618936196021E9">
    <skipped/>
  </testcase> <!-- @BeforeMethod inilizeBrowser -->
  <testcase classname="tests.GuruLoginPageTest" name="@AfterMethod closeBrowesr" time="-1.618936196042E9">
    <skipped/>
  </testcase> <!-- @AfterMethod closeBrowesr -->
  <testcase classname="tests.GuruLoginPageTest" name="@BeforeMethod inilizeBrowser" time="-1.618936196052E9">
    <skipped/>
  </testcase> <!-- @BeforeMethod inilizeBrowser -->
  <testcase classname="tests.GuruLoginPageTest" name="@AfterMethod closeBrowesr" time="-1.618936196067E9">
    <skipped/>
  </testcase> <!-- @AfterMethod closeBrowesr -->
  <testcase classname="tests.GuruLoginPageTest" name="@BeforeMethod inilizeBrowser" time="-1.618936196076E9">
    <skipped/>
  </testcase> <!-- @BeforeMethod inilizeBrowser -->
  <testcase classname="tests.GuruLoginPageTest" name="@AfterMethod closeBrowesr" time="-1.618936196083E9">
    <skipped/>
  </testcase> <!-- @AfterMethod closeBrowesr -->
  <testcase classname="tests.GuruLoginPageTest" name="@BeforeMethod inilizeBrowser" time="-1.61893619609E9">
    <skipped/>
  </testcase> <!-- @BeforeMethod inilizeBrowser -->
  <testcase classname="tests.GuruLoginPageTest" name="@AfterMethod closeBrowesr" time="-1.618936196107E9">
    <skipped/>
  </testcase> <!-- @AfterMethod closeBrowesr -->
  <testcase classname="tests.HomePageTest" name="@AfterTest closeBrowsesr" time="-1.618936196111E9">
    <skipped/>
  </testcase> <!-- @AfterTest closeBrowsesr -->
  <testcase classname="tests.LoginPageTest" name="@AfterTest closeBrowsesr" time="-1.618936196114E9">
    <skipped/>
  </testcase> <!-- @AfterTest closeBrowsesr -->
  <testcase classname="tests.HomePageTest" name="testTitle" time="0.0">
    <skipped/>
  </testcase> <!-- testTitle -->
  <testcase classname="tests.HomePageTest" name="testLogin" time="0.0">
    <skipped/>
  </testcase> <!-- testLogin -->
  <testcase classname="tests.LoginPageTest" name="checkLogin" time="0.0">
    <skipped/>
  </testcase> <!-- checkLogin -->
  <testcase classname="tests.LoginPageTest" name="checkWrongAlert" time="0.0">
    <skipped/>
  </testcase> <!-- checkWrongAlert -->
  <testcase classname="tests.GuruLoginPageTest" name="VerifyLoginSection" time="0.0">
    <skipped/>
  </testcase> <!-- VerifyLoginSection -->
  <testcase classname="tests.GuruLoginPageTest" name="VerifyLoginSection" time="0.0">
    <skipped/>
  </testcase> <!-- VerifyLoginSection -->
  <testcase classname="tests.GuruLoginPageTest" name="VerifyLoginSection" time="0.0">
    <skipped/>
  </testcase> <!-- VerifyLoginSection -->
  <testcase classname="tests.GuruLoginPageTest" name="VerifyLoginSection" time="0.0">
    <skipped/>
  </testcase> <!-- VerifyLoginSection -->
</testsuite> <!-- Test -->
