<?xml version="1.0" encoding="UTF-8"?>
<!-- Generated by org.testng.reporters.JUnitXMLReporter -->
<testsuite ignored="1" hostname="DESKTOP-026TUAE" failures="0" tests="1" name="Personal Loan" time="0.007" errors="0" timestamp="2021-06-03T21:58:20 IST">
  <testcase classname="testNGPractice.PersonalLoan2" name="PersonalLoan" time="0.002"/>
  <testcase classname="testNGPractice.PersonalLoan1" name="PersonalLoan" time="0.0">
    <ignored/>
  </testcase> <!-- PersonalLoan -->
</testsuite> <!-- Personal Loan -->
