<?xml version="1.0" encoding="UTF-8"?>
<!-- Generated by org.testng.reporters.JUnitXMLReporter -->
<testsuite ignored="0" hostname="DESKTOP-026TUAE" failures="0" tests="5" name="Default test" time="2.016" errors="0" timestamp="2021-03-19T19:56:54 IST">
  <testcase classname="tests.GuruLoginPageTest" name="VerifyLoginSection" time="0.017"/>
  <testcase classname="tests.GuruLoginPageTest" name="VerifyLoginSection" time="0.013"/>
  <testcase classname="tests.GuruLoginPageTest" name="VerifyLoginSection" time="0.012"/>
  <testcase classname="tests.GuruLoginPageTest" name="VerifyLoginSection" time="0.011"/>
  <testcase classname="tests.GuruLoginPageTest" name="VerifyLoginSection" time="0.005"/>
</testsuite> <!-- Default test -->
